This file contains any messages produced by compilers while
running configure, to aid debugging if configure makes a mistake.

It was created by WordNet configure 3.0, which was
generated by GNU Autoconf 2.59.  Invocation command line was

  $ ./configure --with-tk=/usr/share/tcltk/tk8.4 --with-tcl=/usr/share/tcltk/tcl8.4

## --------- ##
## Platform. ##
## --------- ##

hostname = pilehvar.di.uniroma1.it
uname -m = x86_64
uname -r = 3.0.0-14-generic
uname -s = Linux
uname -v = #23-Ubuntu SMP Mon Nov 21 20:28:43 UTC 2011

/usr/bin/uname -p = unknown
/bin/uname -X     = unknown

/bin/arch              = unknown
/usr/bin/arch -k       = unknown
/usr/convex/getsysinfo = unknown
hostinfo               = unknown
/bin/machine           = unknown
/usr/bin/oslevel       = unknown
/bin/universe          = unknown

PATH: /usr/local/sbin
PATH: /usr/local/bin
PATH: /usr/sbin
PATH: /usr/bin
PATH: /sbin
PATH: /bin
PATH: /usr/games


## ----------- ##
## Core tests. ##
## ----------- ##

configure:1371: checking for gcc
configure:1387: found /usr/bin/gcc
configure:1397: result: gcc
configure:1641: checking for C compiler version
configure:1644: gcc --version </dev/null >&5
gcc (Ubuntu/Linaro 4.6.1-9ubuntu3) 4.6.1
Copyright (C) 2011 Free Software Foundation, Inc.
This is free software; see the source for copying conditions.  There is NO
warranty; not even for MERCHANTABILITY or FITNESS FOR A PARTICULAR PURPOSE.

configure:1647: $? = 0
configure:1649: gcc -v </dev/null >&5
Using built-in specs.
COLLECT_GCC=gcc
COLLECT_LTO_WRAPPER=/usr/lib/gcc/x86_64-linux-gnu/4.6.1/lto-wrapper
Target: x86_64-linux-gnu
Configured with: ../src/configure -v --with-pkgversion='Ubuntu/Linaro 4.6.1-9ubuntu3' --with-bugurl=file:///usr/share/doc/gcc-4.6/README.Bugs --enable-languages=c,c++,fortran,objc,obj-c++,go --prefix=/usr --program-suffix=-4.6 --enable-shared --enable-linker-build-id --with-system-zlib --libexecdir=/usr/lib --without-included-gettext --enable-threads=posix --with-gxx-include-dir=/usr/include/c++/4.6 --libdir=/usr/lib --enable-nls --with-sysroot=/ --enable-clocale=gnu --enable-libstdcxx-debug --enable-libstdcxx-time=yes --enable-plugin --enable-objc-gc --disable-werror --with-arch-32=i686 --with-tune=generic --enable-checking=release --build=x86_64-linux-gnu --host=x86_64-linux-gnu --target=x86_64-linux-gnu
Thread model: posix
gcc version 4.6.1 (Ubuntu/Linaro 4.6.1-9ubuntu3) 
configure:1652: $? = 0
configure:1654: gcc -V </dev/null >&5
gcc: error: unrecognized option '-V'
gcc: fatal error: no input files
compilation terminated.
configure:1657: $? = 4
configure:1680: checking for C compiler default output file name
configure:1683: gcc    conftest.c  >&5
configure:1686: $? = 0
configure:1732: result: a.out
configure:1737: checking whether the C compiler works
configure:1743: ./a.out
configure:1746: $? = 0
configure:1763: result: yes
configure:1770: checking whether we are cross compiling
configure:1772: result: no
configure:1775: checking for suffix of executables
configure:1777: gcc -o conftest    conftest.c  >&5
configure:1780: $? = 0
configure:1805: result: 
configure:1811: checking for suffix of object files
configure:1832: gcc -c   conftest.c >&5
configure:1835: $? = 0
configure:1857: result: o
configure:1861: checking whether we are using the GNU C compiler
configure:1885: gcc -c   conftest.c >&5
configure:1891: $? = 0
configure:1895: test -z 
			 || test ! -s conftest.err
configure:1898: $? = 0
configure:1901: test -s conftest.o
configure:1904: $? = 0
configure:1917: result: yes
configure:1923: checking whether gcc accepts -g
configure:1944: gcc -c -g  conftest.c >&5
configure:1950: $? = 0
configure:1954: test -z 
			 || test ! -s conftest.err
configure:1957: $? = 0
configure:1960: test -s conftest.o
configure:1963: $? = 0
configure:1974: result: yes
configure:1991: checking for gcc option to accept ANSI C
configure:2061: gcc  -c -g -O2  conftest.c >&5
configure:2067: $? = 0
configure:2071: test -z 
			 || test ! -s conftest.err
configure:2074: $? = 0
configure:2077: test -s conftest.o
configure:2080: $? = 0
configure:2098: result: none needed
configure:2116: gcc -c -g -O2  conftest.c >&5
conftest.c:2:3: error: unknown type name 'choke'
conftest.c:2:3: error: expected '=', ',', ';', 'asm' or '__attribute__' at end of input
configure:2122: $? = 1
configure: failed program was:
| #ifndef __cplusplus
|   choke me
| #endif
configure:2296: checking for ranlib
configure:2312: found /usr/bin/ranlib
configure:2323: result: ranlib
configure:2373: checking for a BSD-compatible install
configure:2428: result: /usr/bin/install -c
configure:2447: checking how to run the C preprocessor
configure:2482: gcc -E  conftest.c
configure:2488: $? = 0
configure:2520: gcc -E  conftest.c
conftest.c:9:28: fatal error: ac_nonexistent.h: No such file or directory
compilation terminated.
configure:2526: $? = 1
configure: failed program was:
| /* confdefs.h.  */
| 
| #define PACKAGE_NAME "WordNet"
| #define PACKAGE_TARNAME "wordnet"
| #define PACKAGE_VERSION "3.0"
| #define PACKAGE_STRING "WordNet 3.0"
| #define PACKAGE_BUGREPORT "wordnet@princeton.edu"
| /* end confdefs.h.  */
| #include <ac_nonexistent.h>
configure:2565: result: gcc -E
configure:2589: gcc -E  conftest.c
configure:2595: $? = 0
configure:2627: gcc -E  conftest.c
conftest.c:9:28: fatal error: ac_nonexistent.h: No such file or directory
compilation terminated.
configure:2633: $? = 1
configure: failed program was:
| /* confdefs.h.  */
| 
| #define PACKAGE_NAME "WordNet"
| #define PACKAGE_TARNAME "wordnet"
| #define PACKAGE_VERSION "3.0"
| #define PACKAGE_STRING "WordNet 3.0"
| #define PACKAGE_BUGREPORT "wordnet@princeton.edu"
| /* end confdefs.h.  */
| #include <ac_nonexistent.h>
configure:2677: checking for egrep
configure:2687: result: grep -E
configure:2692: checking for ANSI C header files
configure:2717: gcc -c -g -O2  conftest.c >&5
configure:2723: $? = 0
configure:2727: test -z 
			 || test ! -s conftest.err
configure:2730: $? = 0
configure:2733: test -s conftest.o
configure:2736: $? = 0
configure:2825: gcc -o conftest -g -O2   conftest.c  >&5
conftest.c: In function 'main':
conftest.c:26:7: warning: incompatible implicit declaration of built-in function 'exit' [enabled by default]
configure:2828: $? = 0
configure:2830: ./conftest
configure:2833: $? = 0
configure:2848: result: yes
configure:2872: checking for sys/types.h
configure:2888: gcc -c -g -O2  conftest.c >&5
configure:2894: $? = 0
configure:2898: test -z 
			 || test ! -s conftest.err
configure:2901: $? = 0
configure:2904: test -s conftest.o
configure:2907: $? = 0
configure:2918: result: yes
configure:2872: checking for sys/stat.h
configure:2888: gcc -c -g -O2  conftest.c >&5
configure:2894: $? = 0
configure:2898: test -z 
			 || test ! -s conftest.err
configure:2901: $? = 0
configure:2904: test -s conftest.o
configure:2907: $? = 0
configure:2918: result: yes
configure:2872: checking for stdlib.h
configure:2888: gcc -c -g -O2  conftest.c >&5
configure:2894: $? = 0
configure:2898: test -z 
			 || test ! -s conftest.err
configure:2901: $? = 0
configure:2904: test -s conftest.o
configure:2907: $? = 0
configure:2918: result: yes
configure:2872: checking for string.h
configure:2888: gcc -c -g -O2  conftest.c >&5
configure:2894: $? = 0
configure:2898: test -z 
			 || test ! -s conftest.err
configure:2901: $? = 0
configure:2904: test -s conftest.o
configure:2907: $? = 0
configure:2918: result: yes
configure:2872: checking for memory.h
configure:2888: gcc -c -g -O2  conftest.c >&5
configure:2894: $? = 0
configure:2898: test -z 
			 || test ! -s conftest.err
configure:2901: $? = 0
configure:2904: test -s conftest.o
configure:2907: $? = 0
configure:2918: result: yes
configure:2872: checking for strings.h
configure:2888: gcc -c -g -O2  conftest.c >&5
configure:2894: $? = 0
configure:2898: test -z 
			 || test ! -s conftest.err
configure:2901: $? = 0
configure:2904: test -s conftest.o
configure:2907: $? = 0
configure:2918: result: yes
configure:2872: checking for inttypes.h
configure:2888: gcc -c -g -O2  conftest.c >&5
configure:2894: $? = 0
configure:2898: test -z 
			 || test ! -s conftest.err
configure:2901: $? = 0
configure:2904: test -s conftest.o
configure:2907: $? = 0
configure:2918: result: yes
configure:2872: checking for stdint.h
configure:2888: gcc -c -g -O2  conftest.c >&5
configure:2894: $? = 0
configure:2898: test -z 
			 || test ! -s conftest.err
configure:2901: $? = 0
configure:2904: test -s conftest.o
configure:2907: $? = 0
configure:2918: result: yes
configure:2872: checking for unistd.h
configure:2888: gcc -c -g -O2  conftest.c >&5
configure:2894: $? = 0
configure:2898: test -z 
			 || test ! -s conftest.err
configure:2901: $? = 0
configure:2904: test -s conftest.o
configure:2907: $? = 0
configure:2918: result: yes
configure:2947: checking locale.h usability
configure:2959: gcc -c -g -O2  conftest.c >&5
configure:2965: $? = 0
configure:2969: test -z 
			 || test ! -s conftest.err
configure:2972: $? = 0
configure:2975: test -s conftest.o
configure:2978: $? = 0
configure:2988: result: yes
configure:2992: checking locale.h presence
configure:3002: gcc -E  conftest.c
configure:3008: $? = 0
configure:3028: result: yes
configure:3063: checking for locale.h
configure:3070: result: yes
configure:2947: checking malloc.h usability
configure:2959: gcc -c -g -O2  conftest.c >&5
configure:2965: $? = 0
configure:2969: test -z 
			 || test ! -s conftest.err
configure:2972: $? = 0
configure:2975: test -s conftest.o
configure:2978: $? = 0
configure:2988: result: yes
configure:2992: checking malloc.h presence
configure:3002: gcc -E  conftest.c
configure:3008: $? = 0
configure:3028: result: yes
configure:3063: checking for malloc.h
configure:3070: result: yes
configure:2938: checking for stdlib.h
configure:2943: result: yes
configure:2938: checking for string.h
configure:2943: result: yes
configure:3092: checking for stdlib.h
configure:3097: result: yes
configure:3237: checking for GNU libc compatible malloc
configure:3266: gcc -o conftest -g -O2   conftest.c  >&5
configure:3269: $? = 0
configure:3271: ./conftest
configure:3274: $? = 0
configure:3288: result: yes
configure:3326: checking for strchr
configure:3383: gcc -o conftest -g -O2   conftest.c  >&5
conftest.c:49:6: warning: conflicting types for built-in function 'strchr' [enabled by default]
configure:3389: $? = 0
configure:3393: test -z 
			 || test ! -s conftest.err
configure:3396: $? = 0
configure:3399: test -s conftest
configure:3402: $? = 0
configure:3414: result: yes
configure:3326: checking for strdup
configure:3383: gcc -o conftest -g -O2   conftest.c  >&5
conftest.c:50:6: warning: conflicting types for built-in function 'strdup' [enabled by default]
configure:3389: $? = 0
configure:3393: test -z 
			 || test ! -s conftest.err
configure:3396: $? = 0
configure:3399: test -s conftest
configure:3402: $? = 0
configure:3414: result: yes
configure:3326: checking for strrchr
configure:3383: gcc -o conftest -g -O2   conftest.c  >&5
conftest.c:51:6: warning: conflicting types for built-in function 'strrchr' [enabled by default]
configure:3389: $? = 0
configure:3393: test -z 
			 || test ! -s conftest.err
configure:3396: $? = 0
configure:3399: test -s conftest
configure:3402: $? = 0
configure:3414: result: yes
configure:3326: checking for strstr
configure:3383: gcc -o conftest -g -O2   conftest.c  >&5
conftest.c:52:6: warning: conflicting types for built-in function 'strstr' [enabled by default]
configure:3389: $? = 0
configure:3393: test -z 
			 || test ! -s conftest.err
configure:3396: $? = 0
configure:3399: test -s conftest
configure:3402: $? = 0
configure:3414: result: yes
configure:3326: checking for strtol
configure:3383: gcc -o conftest -g -O2   conftest.c  >&5
configure:3389: $? = 0
configure:3393: test -z 
			 || test ! -s conftest.err
configure:3396: $? = 0
configure:3399: test -s conftest
configure:3402: $? = 0
configure:3414: result: yes
configure:3428: checking for nl_langinfo and CODESET
configure:3449: gcc -o conftest -g -O2   conftest.c  >&5
configure:3455: $? = 0
configure:3459: test -z 
			 || test ! -s conftest.err
configure:3462: $? = 0
configure:3465: test -s conftest
configure:3468: $? = 0
configure:3481: result: yes
configure:3493: checking whether build environment is sane
configure:3536: result: yes
configure:3601: checking for gawk
configure:3630: result: no
configure:3601: checking for mawk
configure:3617: found /usr/bin/mawk
configure:3627: result: mawk
configure:3637: checking whether make sets $(MAKE)
configure:3657: result: yes
configure:3687: checking for style of include used by make
configure:3715: result: GNU
configure:3891: checking dependency style of gcc
configure:3981: result: gcc3
configure:4016: checking for Tcl configuration
configure:4096: result: found /usr/share/tcltk/tcl8.4/tclConfig.sh
configure:4117: checking for Tk configuration
configure:4194: result: found /usr/share/tcltk/tk8.4/tkConfig.sh
configure:4201: checking for existence of /usr/share/tcltk/tcl8.4/tclConfig.sh
configure:4205: result: loading
configure:4255: checking for existence of /usr/share/tcltk/tk8.4/tkConfig.sh
configure:4259: result: loading
configure:4411: creating ./config.status

## ---------------------- ##
## Running config.status. ##
## ---------------------- ##

This file was extended by WordNet config.status 3.0, which was
generated by GNU Autoconf 2.59.  Invocation command line was

  CONFIG_FILES    = 
  CONFIG_HEADERS  = 
  CONFIG_LINKS    = 
  CONFIG_COMMANDS = 
  $ ./config.status 

on pilehvar.di.uniroma1.it

config.status:710: creating Makefile
config.status:710: creating dict/Makefile
config.status:710: creating doc/Makefile
config.status:710: creating doc/html/Makefile
config.status:710: creating doc/man/Makefile
config.status:710: creating doc/pdf/Makefile
config.status:710: creating doc/ps/Makefile
config.status:710: creating include/Makefile
config.status:710: creating include/tk/Makefile
config.status:710: creating src/Makefile
config.status:710: creating lib/Makefile
config.status:710: creating lib/wnres/Makefile
config.status:814: creating config.h
config.status:1126: executing depfiles commands
config.status:1126: executing default commands
configure:5736: result:
WordNet is now configured

  Installation directory:               /usr/local/WordNet-3.0

  To build and install WordNet:

    make
    make install

  To run, environment variables should be set as follows:

    PATH - include ${exec_prefix}/bin
    WNHOME - if not using default installation location, set to /usr/local/WordNet-3.0

    See INSTALL file for details and additional environment variables
    which may need to be set on your system.



## ---------------- ##
## Cache variables. ##
## ---------------- ##

ac_cv_c_compiler_gnu=yes
ac_cv_c_tclconfig=/usr/share/tcltk/tcl8.4
ac_cv_c_tkconfig=/usr/share/tcltk/tk8.4
ac_cv_env_CC_set=
ac_cv_env_CC_value=
ac_cv_env_CFLAGS_set=
ac_cv_env_CFLAGS_value=
ac_cv_env_CPPFLAGS_set=
ac_cv_env_CPPFLAGS_value=
ac_cv_env_CPP_set=
ac_cv_env_CPP_value=
ac_cv_env_LDFLAGS_set=
ac_cv_env_LDFLAGS_value=
ac_cv_env_build_alias_set=
ac_cv_env_build_alias_value=
ac_cv_env_host_alias_set=
ac_cv_env_host_alias_value=
ac_cv_env_target_alias_set=
ac_cv_env_target_alias_value=
ac_cv_exeext=
ac_cv_func_malloc_0_nonnull=yes
ac_cv_func_strchr=yes
ac_cv_func_strdup=yes
ac_cv_func_strrchr=yes
ac_cv_func_strstr=yes
ac_cv_func_strtol=yes
ac_cv_header_inttypes_h=yes
ac_cv_header_locale_h=yes
ac_cv_header_malloc_h=yes
ac_cv_header_memory_h=yes
ac_cv_header_stdc=yes
ac_cv_header_stdint_h=yes
ac_cv_header_stdlib_h=yes
ac_cv_header_string_h=yes
ac_cv_header_strings_h=yes
ac_cv_header_sys_stat_h=yes
ac_cv_header_sys_types_h=yes
ac_cv_header_unistd_h=yes
ac_cv_objext=o
ac_cv_path_install='/usr/bin/install -c'
ac_cv_prog_AWK=mawk
ac_cv_prog_CPP='gcc -E'
ac_cv_prog_ac_ct_CC=gcc
ac_cv_prog_ac_ct_RANLIB=ranlib
ac_cv_prog_cc_g=yes
ac_cv_prog_cc_stdc=
ac_cv_prog_egrep='grep -E'
ac_cv_prog_make_make_set=yes
am_cv_CC_dependencies_compiler_type=gcc3
am_cv_langinfo_codeset=yes

## ----------------- ##
## Output variables. ##
## ----------------- ##

ACLOCAL='${SHELL} /opt/WordNet-3.0/missing --run aclocal-1.9'
AMDEPBACKSLASH='\'
AMDEP_FALSE='#'
AMDEP_TRUE=''
AMTAR='${SHELL} /opt/WordNet-3.0/missing --run tar'
AUTOCONF='${SHELL} /opt/WordNet-3.0/missing --run autoconf'
AUTOHEADER='${SHELL} /opt/WordNet-3.0/missing --run autoheader'
AUTOMAKE='${SHELL} /opt/WordNet-3.0/missing --run automake-1.9'
AWK='mawk'
CC='gcc'
CCDEPMODE='depmode=gcc3'
CFLAGS='-g -O2'
CPP='gcc -E'
CPPFLAGS=''
CYGPATH_W='echo'
DEFS='-DHAVE_CONFIG_H'
DEPDIR='.deps'
ECHO_C=''
ECHO_N='-n'
ECHO_T=''
EGREP='grep -E'
EXEEXT=''
INSTALL_DATA='${INSTALL} -m 644'
INSTALL_PROGRAM='${INSTALL}'
INSTALL_SCRIPT='${INSTALL}'
INSTALL_STRIP_PROGRAM='${SHELL} $(install_sh) -c -s'
LDFLAGS=''
LIBOBJS=''
LIBS=''
LTLIBOBJS=''
MAKEINFO='${SHELL} /opt/WordNet-3.0/missing --run makeinfo'
OBJEXT='o'
PACKAGE='WordNet'
PACKAGE_BUGREPORT='wordnet@princeton.edu'
PACKAGE_NAME='WordNet'
PACKAGE_STRING='WordNet 3.0'
PACKAGE_TARNAME='wordnet'
PACKAGE_VERSION='3.0'
PATH_SEPARATOR=':'
RANLIB='ranlib'
SET_MAKE=''
SHELL='/bin/bash'
STRIP=''
TCL_INCLUDE_SPEC='-I/usr/include/tcl8.4'
TCL_LIB_SPEC='-L/usr/lib -ltcl8.4'
TK_LIBS='-lX11 -ldl  -lpthread -lieee -lm'
TK_LIB_SPEC='-L/usr/lib -ltk8.4'
TK_PREFIX='/usr'
TK_XINCLUDES=''
VERSION='3.0'
ac_ct_CC='gcc'
ac_ct_RANLIB='ranlib'
ac_ct_STRIP=''
ac_prefix='/usr/local/WordNet-3.0'
am__fastdepCC_FALSE='#'
am__fastdepCC_TRUE=''
am__include='include'
am__leading_dot='.'
am__quote=''
am__tar='${AMTAR} chof - "$$tardir"'
am__untar='${AMTAR} xf -'
bindir='${exec_prefix}/bin'
build_alias=''
datadir='${prefix}/share'
exec_prefix='${prefix}'
host_alias=''
includedir='${prefix}/include'
infodir='${prefix}/info'
install_sh='/opt/WordNet-3.0/install-sh'
libdir='${exec_prefix}/lib'
libexecdir='${exec_prefix}/libexec'
localstatedir='${prefix}/var'
mandir='${prefix}/man'
mkdir_p='mkdir -p --'
oldincludedir='/usr/include'
prefix='/usr/local/WordNet-3.0'
program_transform_name='s,x,x,'
sbindir='${exec_prefix}/sbin'
sharedstatedir='${prefix}/com'
sysconfdir='${prefix}/etc'
target_alias=''

## ----------- ##
## confdefs.h. ##
## ----------- ##

#define DEFAULTPATH "/usr/local/WordNet-3.0/dict"
#define HAVE_INTTYPES_H 1
#define HAVE_LANGINFO_CODESET 1
#define HAVE_LOCALE_H 1
#define HAVE_MALLOC 1
#define HAVE_MALLOC_H 1
#define HAVE_MEMORY_H 1
#define HAVE_STDINT_H 1
#define HAVE_STDLIB_H 1
#define HAVE_STDLIB_H 1
#define HAVE_STDLIB_H 1
#define HAVE_STRCHR 1
#define HAVE_STRDUP 1
#define HAVE_STRINGS_H 1
#define HAVE_STRING_H 1
#define HAVE_STRING_H 1
#define HAVE_STRRCHR 1
#define HAVE_STRSTR 1
#define HAVE_STRTOL 1
#define HAVE_SYS_STAT_H 1
#define HAVE_SYS_TYPES_H 1
#define HAVE_UNISTD_H 1
#define PACKAGE "WordNet"
#define PACKAGE_BUGREPORT "wordnet@princeton.edu"
#define PACKAGE_NAME "WordNet"
#define PACKAGE_STRING "WordNet 3.0"
#define PACKAGE_TARNAME "wordnet"
#define PACKAGE_VERSION "3.0"
#define STDC_HEADERS 1
#define VERSION "3.0"

configure: exit 0
